0 info it worked if it ends with ok
1 verbose cli [ '/usr/local/bin/node',
1 verbose cli   '/usr/local/bin/npm',
1 verbose cli   'install',
1 verbose cli   'r3-library',
1 verbose cli   '--save' ]
2 info using npm@3.10.10
3 info using node@v6.11.0
4 silly loadCurrentTree Starting
5 silly install loadCurrentTree
6 silly install readLocalPackageData
7 silly fetchPackageMetaData r3-library
8 silly fetchNamedPackageData r3-library
9 silly mapToRegistry name r3-library
10 silly mapToRegistry using default registry
11 silly mapToRegistry registry https://registry.npmjs.org/
12 silly mapToRegistry data Result {
12 silly mapToRegistry   raw: 'r3-library',
12 silly mapToRegistry   scope: null,
12 silly mapToRegistry   escapedName: 'r3-library',
12 silly mapToRegistry   name: 'r3-library',
12 silly mapToRegistry   rawSpec: '',
12 silly mapToRegistry   spec: 'latest',
12 silly mapToRegistry   type: 'tag' }
13 silly mapToRegistry uri https://registry.npmjs.org/r3-library
14 verbose request uri https://registry.npmjs.org/r3-library
15 verbose request no auth needed
16 info attempt registry request try #1 at 10:30:59 PM
17 verbose request using bearer token for auth
18 verbose request id f8a68ab890bf6a14
19 verbose etag W/"5980a9f1-4a02"
20 verbose lastModified Tue, 01 Aug 2017 16:18:57 GMT
21 http request GET https://registry.npmjs.org/r3-library
22 http 200 https://registry.npmjs.org/r3-library
23 verbose headers { 'content-type': 'application/json; charset=UTF-8',
23 verbose headers   server: 'UploadServer',
23 verbose headers   'cache-control': 'max-age=300',
23 verbose headers   'last-modified': 'Tue, 1 Aug 2017 16:18:57 GMT',
23 verbose headers   etag: '"5980a9f1-4a02"',
23 verbose headers   'content-length': '18946',
23 verbose headers   'accept-ranges': 'bytes',
23 verbose headers   date: 'Thu, 07 Dec 2017 03:30:59 GMT',
23 verbose headers   via: '1.1 varnish',
23 verbose headers   age: '0',
23 verbose headers   connection: 'keep-alive',
23 verbose headers   'x-served-by': 'cache-ewr18151-EWR',
23 verbose headers   'x-cache': 'MISS',
23 verbose headers   'x-cache-hits': '0',
23 verbose headers   'x-timer': 'S1512617460.815806,VS0,VE115',
23 verbose headers   vary: 'Accept-Encoding, Accept' }
24 silly get cb [ 200,
24 silly get   { 'content-type': 'application/json; charset=UTF-8',
24 silly get     server: 'UploadServer',
24 silly get     'cache-control': 'max-age=300',
24 silly get     'last-modified': 'Tue, 1 Aug 2017 16:18:57 GMT',
24 silly get     etag: '"5980a9f1-4a02"',
24 silly get     'content-length': '18946',
24 silly get     'accept-ranges': 'bytes',
24 silly get     date: 'Thu, 07 Dec 2017 03:30:59 GMT',
24 silly get     via: '1.1 varnish',
24 silly get     age: '0',
24 silly get     connection: 'keep-alive',
24 silly get     'x-served-by': 'cache-ewr18151-EWR',
24 silly get     'x-cache': 'MISS',
24 silly get     'x-cache-hits': '0',
24 silly get     'x-timer': 'S1512617460.815806,VS0,VE115',
24 silly get     vary: 'Accept-Encoding, Accept' } ]
25 verbose get saving r3-library to /Users/mattcassara/.npm/registry.npmjs.org/r3-library/.cache.json
26 verbose correctMkdir /Users/mattcassara/.npm correctMkdir not in flight; initializing
27 silly install normalizeTree
28 silly loadCurrentTree Finishing
29 silly loadIdealTree Starting
30 silly install loadIdealTree
31 silly cloneCurrentTree Starting
32 silly install cloneCurrentTreeToIdealTree
33 silly cloneCurrentTree Finishing
34 silly loadShrinkwrap Starting
35 silly install loadShrinkwrap
36 silly loadShrinkwrap Finishing
37 silly loadAllDepsIntoIdealTree Starting
38 silly install loadAllDepsIntoIdealTree
39 silly rollbackFailedOptional Starting
40 silly rollbackFailedOptional Finishing
41 silly runTopLevelLifecycles Finishing
42 silly install printInstalled
43 verbose stack Error: Refusing to install r3-library as a dependency of itself
43 verbose stack     at checkSelf (/usr/local/lib/node_modules/npm/lib/install/validate-args.js:53:14)
43 verbose stack     at Array.<anonymous> (/usr/local/lib/node_modules/npm/node_modules/slide/lib/bind-actor.js:15:8)
43 verbose stack     at LOOP (/usr/local/lib/node_modules/npm/node_modules/slide/lib/chain.js:15:14)
43 verbose stack     at chain (/usr/local/lib/node_modules/npm/node_modules/slide/lib/chain.js:20:5)
43 verbose stack     at /usr/local/lib/node_modules/npm/lib/install/validate-args.js:16:5
43 verbose stack     at /usr/local/lib/node_modules/npm/node_modules/slide/lib/async-map.js:52:35
43 verbose stack     at Array.forEach (native)
43 verbose stack     at /usr/local/lib/node_modules/npm/node_modules/slide/lib/async-map.js:52:11
43 verbose stack     at Array.forEach (native)
43 verbose stack     at asyncMap (/usr/local/lib/node_modules/npm/node_modules/slide/lib/async-map.js:51:8)
44 verbose cwd /Users/mattcassara/Development/Personal/workout-tracker-v2
45 error Darwin 16.7.0
46 error argv "/usr/local/bin/node" "/usr/local/bin/npm" "install" "r3-library" "--save"
47 error node v6.11.0
48 error npm  v3.10.10
49 error code ENOSELF
50 error Refusing to install r3-library as a dependency of itself
51 error If you need help, you may report this error at:
51 error     <https://github.com/npm/npm/issues>
52 verbose exit [ 1, true ]
